<?xml version="1.0" encoding="UTF-8"?>
<testsuite name="ShipTest" tests="2" skipped="0" failures="0" errors="0" timestamp="2019-06-04T07:37:36" hostname="alaskas-MacBook-Pro.local" time="0.001">
  <properties/>
  <testcase name="ship_not_null" classname="ShipTest" time="0.0"/>
  <testcase name="constructor_values_not_over_maximum" classname="ShipTest" time="0.0"/>
  <system-out><![CDATA[]]></system-out>
  <system-err><![CDATA[]]></system-err>
</testsuite>
