<?xml version="1.0" encoding="UTF-8"?>
<testsuite name="EngineTest" tests="1" skipped="0" failures="0" errors="0" timestamp="2019-06-04T07:37:36" hostname="alaskas-MacBook-Pro.local" time="0.002">
  <properties/>
  <testcase name="isHealthoverZero" classname="EngineTest" time="0.002"/>
  <system-out><![CDATA[]]></system-out>
  <system-err><![CDATA[]]></system-err>
</testsuite>
