<?xml version="1.0" encoding="UTF-8"?>
<testsuite name="BehaviorTest" tests="1" skipped="0" failures="0" errors="0" timestamp="2025-01-09T02:42:19" hostname="Zenith" time="0.003">
  <properties/>
  <testcase name="getHitProbability()" classname="BehaviorTest" time="0.003"/>
  <system-out><![CDATA[]]></system-out>
  <system-err><![CDATA[]]></system-err>
</testsuite>
